"v" -> Entity{position=-1, hashValue=-1}
"int" -> Entity{position=-1, hashValue=-1}
"identifier" -> Entity{position=0, hashValue=97}
"." -> Entity{position=-1, hashValue=-1}
"v" -> Entity{position=-1, hashValue=-1}
"int" -> Entity{position=-1, hashValue=-1}
"identifier" -> Entity{position=0, hashValue=98}
"." -> Entity{position=-1, hashValue=-1}
"v" -> Entity{position=-1, hashValue=-1}
"int" -> Entity{position=-1, hashValue=-1}
"identifier" -> Entity{position=0, hashValue=99}
"." -> Entity{position=-1, hashValue=-1}
"v" -> Entity{position=-1, hashValue=-1}
"int" -> Entity{position=-1, hashValue=-1}
"identifier" -> Entity{position=0, hashValue=61}
"." -> Entity{position=-1, hashValue=-1}
"identifier" -> Entity{position=0, hashValue=61}
"~" -> Entity{position=-1, hashValue=-1}
"identifier" -> Entity{position=0, hashValue=97}
"." -> Entity{position=-1, hashValue=-1}
"verify" -> Entity{position=-1, hashValue=-1}
"(" -> Entity{position=-1, hashValue=-1}
"identifier" -> Entity{position=0, hashValue=61}
"<" -> Entity{position=-1, hashValue=-1}
"identifier" -> Entity{position=0, hashValue=98}
")" -> Entity{position=-1, hashValue=-1}
":" -> Entity{position=-1, hashValue=-1}
"identifier" -> Entity{position=0, hashValue=61}
"~" -> Entity{position=-1, hashValue=-1}
"identifier" -> Entity{position=0, hashValue=98}
"." -> Entity{position=-1, hashValue=-1}
"verify" -> Entity{position=-1, hashValue=-1}
"(" -> Entity{position=-1, hashValue=-1}
"identifier" -> Entity{position=0, hashValue=61}
"<" -> Entity{position=-1, hashValue=-1}
"identifier" -> Entity{position=0, hashValue=99}
")" -> Entity{position=-1, hashValue=-1}
":" -> Entity{position=-1, hashValue=-1}
"identifier" -> Entity{position=0, hashValue=61}
"~" -> Entity{position=-1, hashValue=-1}
"identifier" -> Entity{position=0, hashValue=99}
"." -> Entity{position=-1, hashValue=-1}
"ret" -> Entity{position=-1, hashValue=-1}
"@" -> Entity{position=-1, hashValue=-1}
"identifier" -> Entity{position=0, hashValue=61}
"." -> Entity{position=-1, hashValue=-1}
"v" -> Entity{position=-1, hashValue=-1}
"int" -> Entity{position=-1, hashValue=-1}
"identifier" -> Entity{position=0, hashValue=97}
"." -> Entity{position=-1, hashValue=-1}
"v" -> Entity{position=-1, hashValue=-1}
"int" -> Entity{position=-1, hashValue=-1}
"identifier" -> Entity{position=0, hashValue=0}
"." -> Entity{position=-1, hashValue=-1}
"verify" -> Entity{position=-1, hashValue=-1}
"(" -> Entity{position=-1, hashValue=-1}
"identifier" -> Entity{position=0, hashValue=97}
"<" -> Entity{position=-1, hashValue=-1}
"constant" -> Entity{position=0, hashValue=50}
")" -> Entity{position=-1, hashValue=-1}
":" -> Entity{position=-1, hashValue=-1}
"ret" -> Entity{position=-1, hashValue=-1}
"identifier" -> Entity{position=0, hashValue=70}
"." -> Entity{position=-1, hashValue=-1}
"verify" -> Entity{position=-1, hashValue=-1}
"(" -> Entity{position=-1, hashValue=-1}
"identifier" -> Entity{position=0, hashValue=97}
"=" -> Entity{position=-1, hashValue=-1}
"constant" -> Entity{position=0, hashValue=50}
")" -> Entity{position=-1, hashValue=-1}
":" -> Entity{position=-1, hashValue=-1}
"ret" -> Entity{position=-1, hashValue=-1}
"identifier" -> Entity{position=0, hashValue=84}
"." -> Entity{position=-1, hashValue=-1}
"verify" -> Entity{position=-1, hashValue=-1}
"(" -> Entity{position=-1, hashValue=-1}
"identifier" -> Entity{position=0, hashValue=97}
"%" -> Entity{position=-1, hashValue=-1}
"constant" -> Entity{position=0, hashValue=50}
"=" -> Entity{position=-1, hashValue=-1}
"constant" -> Entity{position=0, hashValue=48}
")" -> Entity{position=-1, hashValue=-1}
":" -> Entity{position=-1, hashValue=-1}
"ret" -> Entity{position=-1, hashValue=-1}
"identifier" -> Entity{position=0, hashValue=70}
"." -> Entity{position=-1, hashValue=-1}
"from" -> Entity{position=-1, hashValue=-1}
"identifier" -> Entity{position=0, hashValue=0}
"~" -> Entity{position=-1, hashValue=-1}
"constant" -> Entity{position=0, hashValue=51}
"," -> Entity{position=-1, hashValue=-1}
"identifier" -> Entity{position=0, hashValue=0}
"+" -> Entity{position=-1, hashValue=-1}
"~" -> Entity{position=-1, hashValue=-1}
"constant" -> Entity{position=0, hashValue=50}
"to" -> Entity{position=-1, hashValue=-1}
"identifier" -> Entity{position=0, hashValue=0}
"*" -> Entity{position=-1, hashValue=-1}
"identifier" -> Entity{position=0, hashValue=0}
"~" -> Entity{position=-1, hashValue=-1}
"identifier" -> Entity{position=0, hashValue=97}
":" -> Entity{position=-1, hashValue=-1}
"verify" -> Entity{position=-1, hashValue=-1}
"(" -> Entity{position=-1, hashValue=-1}
"identifier" -> Entity{position=0, hashValue=97}
"%" -> Entity{position=-1, hashValue=-1}
"identifier" -> Entity{position=0, hashValue=0}
"=" -> Entity{position=-1, hashValue=-1}
"constant" -> Entity{position=0, hashValue=48}
")" -> Entity{position=-1, hashValue=-1}
":" -> Entity{position=-1, hashValue=-1}
"ret" -> Entity{position=-1, hashValue=-1}
"identifier" -> Entity{position=0, hashValue=70}
"." -> Entity{position=-1, hashValue=-1}
"ret" -> Entity{position=-1, hashValue=-1}
"identifier" -> Entity{position=0, hashValue=84}
"." -> Entity{position=-1, hashValue=-1}
"vect" -> Entity{position=-1, hashValue=-1}
"int" -> Entity{position=-1, hashValue=-1}
"identifier" -> Entity{position=0, hashValue=97}
"." -> Entity{position=-1, hashValue=-1}
"v" -> Entity{position=-1, hashValue=-1}
"int" -> Entity{position=-1, hashValue=-1}
"identifier" -> Entity{position=0, hashValue=10}
"." -> Entity{position=-1, hashValue=-1}
"v" -> Entity{position=-1, hashValue=-1}
"int" -> Entity{position=-1, hashValue=-1}
"identifier" -> Entity{position=0, hashValue=15}
"~" -> Entity{position=-1, hashValue=-1}
"constant" -> Entity{position=0, hashValue=48}
"." -> Entity{position=-1, hashValue=-1}
"from" -> Entity{position=-1, hashValue=-1}
"int" -> Entity{position=-1, hashValue=-1}
"identifier" -> Entity{position=0, hashValue=5}
"~" -> Entity{position=-1, hashValue=-1}
"constant" -> Entity{position=0, hashValue=48}
"," -> Entity{position=-1, hashValue=-1}
"identifier" -> Entity{position=0, hashValue=5}
"+" -> Entity{position=-1, hashValue=-1}
"~" -> Entity{position=-1, hashValue=-1}
"constant" -> Entity{position=0, hashValue=49}
"to" -> Entity{position=-1, hashValue=-1}
"identifier" -> Entity{position=0, hashValue=5}
"~" -> Entity{position=-1, hashValue=-1}
"identifier" -> Entity{position=0, hashValue=10}
":" -> Entity{position=-1, hashValue=-1}
"identifier" -> Entity{position=0, hashValue=15}
"~" -> Entity{position=-1, hashValue=-1}
"identifier" -> Entity{position=0, hashValue=15}
"+" -> Entity{position=-1, hashValue=-1}
"identifier" -> Entity{position=0, hashValue=97}
"{" -> Entity{position=-1, hashValue=-1}
"identifier" -> Entity{position=0, hashValue=5}
"}" -> Entity{position=-1, hashValue=-1}
"." -> Entity{position=-1, hashValue=-1}
"ret" -> Entity{position=-1, hashValue=-1}
"@" -> Entity{position=-1, hashValue=-1}
"identifier" -> Entity{position=0, hashValue=15}
"." -> Entity{position=-1, hashValue=-1}
